0 info it worked if it ends with ok
<<<<<<< HEAD
1 verbose cli [ '/usr/local/bin/node', '/usr/local/bin/npm', 'run', 'sass:dev' ]
2 info using npm@3.10.10
3 info using node@v6.11.0
4 verbose stack Error: ENOENT: no such file or directory, open '/Users/ma/lighthouse/package.json'
4 verbose stack     at Error (native)
5 verbose cwd /Users/ma/lighthouse/pup-pals
6 error Darwin 16.6.0
7 error argv "/usr/local/bin/node" "/usr/local/bin/npm" "run" "sass:dev"
8 error node v6.11.0
9 error npm  v3.10.10
10 error path /Users/ma/lighthouse/package.json
11 error code ENOENT
12 error errno -2
13 error syscall open
14 error enoent ENOENT: no such file or directory, open '/Users/ma/lighthouse/package.json'
15 error enoent ENOENT: no such file or directory, open '/Users/ma/lighthouse/package.json'
=======
1 verbose cli [ '/usr/local/bin/node', '/usr/local/bin/npm', 'run', 'start' ]
2 info using npm@3.10.10
3 info using node@v6.11.1
4 verbose stack Error: ENOENT: no such file or directory, open '/Users/caitlin/lighthouse/pup-pals/package.json'
4 verbose stack     at Error (native)
5 verbose cwd /Users/caitlin/lighthouse/pup-pals
6 error Darwin 16.6.0
7 error argv "/usr/local/bin/node" "/usr/local/bin/npm" "run" "start"
8 error node v6.11.1
9 error npm  v3.10.10
10 error path /Users/caitlin/lighthouse/pup-pals/package.json
11 error code ENOENT
12 error errno -2
13 error syscall open
14 error enoent ENOENT: no such file or directory, open '/Users/caitlin/lighthouse/pup-pals/package.json'
15 error enoent ENOENT: no such file or directory, open '/Users/caitlin/lighthouse/pup-pals/package.json'
>>>>>>> a5730e611245fa6695f8d162b056ee6674d615dc
15 error enoent This is most likely not a problem with npm itself
15 error enoent and is related to npm not being able to find a file.
16 verbose exit [ -2, true ]
